[12Nov2025 00:03:30.022] [Server thread/INFO] [net.minecraft.server.MinecraftServer/]: [Not Secure] <zanderga123> tienes cuarzo?
[12Nov2025 00:03:51.276] [Server thread/INFO] [net.minecraft.server.MinecraftServer/]: [Not Secure] <Javivix07> no se revisame pe ahi en el nther ahi mucho
[12Nov2025 00:06:48.761] [Server thread/WARN] [net.minecraft.server.level.ServerPlayerGameMode/]: Mismatch in destroy block pos: BlockPos{x=681, y=72, z=250} BlockPos{x=680, y=71, z=250}
[12Nov2025 00:09:49.615] [Server thread/WARN] [net.minecraft.server.level.ServerPlayerGameMode/]: Mismatch in destroy block pos: BlockPos{x=134, y=78, z=237} BlockPos{x=133, y=76, z=237}
[12Nov2025 00:10:53.670] [Server thread/INFO] [net.minecraft.server.MinecraftServer/]: [Not Secure] <Javivix07> chisi sleep?
[12Nov2025 00:10:56.384] [Server thread/INFO] [net.minecraft.server.MinecraftServer/]: [Not Secure] <zanderga123> ya
[12Nov2025 00:12:36.028] [Server thread/INFO] [net.minecraft.server.MinecraftServer/]: Gamerule playersSleepingPercentage is now set to: 0
[12Nov2025 00:12:53.221] [Server thread/INFO] [net.minecraft.server.MinecraftServer/]: Gamerule playersSleepingPercentage is now set to: 0
[12Nov2025 00:14:19.811] [Server thread/INFO] [net.minecraft.server.MinecraftServer/]: zanderga123 got cut in half by a Mechanical Saw
[12Nov2025 00:14:19.836] [Server thread/WARN] [net.minecraft.server.network.ServerGamePacketListenerImpl/]: zanderga123 moved wrongly!
[12Nov2025 00:14:29.223] [Server thread/INFO] [net.minecraft.server.MinecraftServer/]: [Not Secure] <zanderga123> se me chispotio
[12Nov2025 00:14:31.564] [Server thread/INFO] [net.minecraft.server.MinecraftServer/]: [Not Secure] <Javivix07> zander con eso no se juega
[12Nov2025 00:18:55.384] [Server thread/INFO] [net.minecraft.server.MinecraftServer/]: [Not Secure] <zanderga123> javier estoy en
[12Nov2025 00:18:57.960] [Server thread/WARN] [net.minecraft.server.level.ServerPlayerGameMode/]: Mismatch in destroy block pos: BlockPos{x=62, y=63, z=197} BlockPos{x=62, y=62, z=200}
[12Nov2025 00:19:00.038] [Server thread/INFO] [net.minecraft.server.MinecraftServer/]: [Not Secure] <zanderga123> grupo de minecraft
[12Nov2025 00:19:02.932] [Server thread/INFO] [net.minecraft.server.MinecraftServer/]: [Not Secure] <zanderga123> si quiere entra
[12Nov2025 00:19:20.939] [Server thread/INFO] [net.minecraft.server.MinecraftServer/]: [Not Secure] <Javivix07> cual y donde?
[12Nov2025 00:19:31.933] [Server thread/INFO] [net.minecraft.server.MinecraftServer/]: [Not Secure] <zanderga123> ese pue donde se hablamoa en minecraft
[12Nov2025 00:19:50.291] [Server thread/INFO] [net.minecraft.server.MinecraftServer/]: [Not Secure] <Javivix07> en ds?
[12Nov2025 00:19:54.513] [Server thread/WARN] [net.minecraft.server.level.ServerPlayerGameMode/]: Mismatch in destroy block pos: BlockPos{x=65, y=64, z=175} BlockPos{x=63, y=62, z=175}
[12Nov2025 00:19:54.564] [Server thread/WARN] [net.minecraft.server.level.ServerPlayerGameMode/]: Mismatch in destroy block pos: BlockPos{x=65, y=64, z=175} BlockPos{x=63, y=62, z=175}
[12Nov2025 00:19:54.612] [Server thread/WARN] [net.minecraft.server.level.ServerPlayerGameMode/]: Mismatch in destroy block pos: BlockPos{x=65, y=64, z=174} BlockPos{x=63, y=62, z=175}
[12Nov2025 00:19:54.662] [Server thread/WARN] [net.minecraft.server.level.ServerPlayerGameMode/]: Mismatch in destroy block pos: BlockPos{x=65, y=64, z=174} BlockPos{x=63, y=62, z=175}
[12Nov2025 00:19:54.761] [Server thread/WARN] [net.minecraft.server.level.ServerPlayerGameMode/]: Mismatch in destroy block pos: BlockPos{x=65, y=64, z=174} BlockPos{x=63, y=62, z=175}
[12Nov2025 00:19:54.812] [Server thread/WARN] [net.minecraft.server.level.ServerPlayerGameMode/]: Mismatch in destroy block pos: BlockPos{x=65, y=64, z=174} BlockPos{x=63, y=62, z=175}
[12Nov2025 00:19:54.814] [Server thread/WARN] [net.minecraft.server.level.ServerPlayerGameMode/]: Mismatch in destroy block pos: BlockPos{x=65, y=64, z=174} BlockPos{x=63, y=62, z=175}
[12Nov2025 00:19:54.865] [Server thread/WARN] [net.minecraft.server.level.ServerPlayerGameMode/]: Mismatch in destroy block pos: BlockPos{x=65, y=64, z=174} BlockPos{x=63, y=62, z=175}
[12Nov2025 00:19:55.759] [Server thread/INFO] [net.minecraft.server.MinecraftServer/]: [Not Secure] <zanderga123> no , en el micrecraft
[12Nov2025 00:19:58.683] [Server thread/INFO] [net.minecraft.server.MinecraftServer/]: [Not Secure] <zanderga123> voice chat
[12Nov2025 00:20:12.874] [Server thread/INFO] [net.minecraft.server.MinecraftServer/]: [Not Secure] <Javivix07> hay que floja
[12Nov2025 00:27:04.669] [Server thread/INFO] [net.minecraft.server.MinecraftServer/]: Javivix07 has reached the goal [Fighting Nightmares]
[12Nov2025 00:38:13.450] [Server thread/WARN] [net.minecraft.server.MinecraftServer/]: Can't keep up! Is the server overloaded? Running 2307ms or 46 ticks behind
[12Nov2025 00:48:35.410] [Server thread/INFO] [net.minecraft.server.MinecraftServer/]: Javivix07 drowned
[12Nov2025 00:50:33.974] [Server thread/INFO] [net.minecraft.server.network.ServerGamePacketListenerImpl/]: zanderga123 lost connection: Disconnected
[12Nov2025 00:50:33.974] [Server thread/INFO] [net.minecraft.server.MinecraftServer/]: zanderga123 left the game
[12Nov2025 00:50:33.985] [Server thread/INFO] [voicechat/]: [voicechat] Disconnecting client zanderga123
[12Nov2025 00:52:01.999] [Server thread/INFO] [net.minecraft.server.MinecraftServer/]: Javivix07 was slain by Sea Serpent
[12Nov2025 00:57:51.760] [Server thread/INFO] [net.minecraft.server.MinecraftServer/]: Javivix07 has made the advancement [Sea? Not a Problem]
[12Nov2025 01:09:02.499] [Server thread/INFO] [net.minecraft.server.MinecraftServer/]: hey you! over here!
[12Nov2025 01:10:02.543] [Server Watchdog/ERROR] [net.minecraft.server.dedicated.ServerWatchdog/FATAL]: A single server tick took 60.00 seconds (should be max 0.05)
[12Nov2025 01:11:05.064] [Server Watchdog/ERROR] [net.minecraft.server.dedicated.ServerWatchdog/FATAL]: Considering it to be crashed, server will forcibly shutdown.
[12Nov2025 01:09:43.034] [VoiceChatPacketProcessingThread/INFO] [voicechat/]: [voicechat] Player 3b5a1d15-819f-3920-907e-cd82a3d2390a timed out
[12Nov2025 01:11:06.233] [VoiceChatPacketProcessingThread/INFO] [voicechat/]: [voicechat] Reconnecting player Javivix07
[12Nov2025 01:11:06.233] [VoiceChatPacketProcessingThread/INFO] [voicechat/]: [voicechat] Sent secret to Javivix07
[12Nov2025 01:11:06.252] [Server thread/INFO] [net.minecraft.server.network.ServerGamePacketListenerImpl/]: Javivix07 lost connection: Disconnected
[12Nov2025 01:11:06.252] [Server Watchdog/WARN] [net.minecraft.SystemReport/]: Failed retrieving info for group hardware
java.lang.NoClassDefFoundError: Could not initialize class oshi.SystemInfo
	at net.minecraft.SystemReport.m_143564_(SystemReport.java:52) ~[server-1.20.1-20230612.114412-srg.jar%23261!/:?]
	at net.minecraft.SystemReport.m_143516_(SystemReport.java:82) ~[server-1.20.1-20230612.114412-srg.jar%23261!/:?]
	at net.minecraft.SystemReport.<init>(SystemReport.java:52) ~[server-1.20.1-20230612.114412-srg.jar%23261!/:?]
	at net.minecraft.CrashReport.<init>(CrashReport.java:31) ~[server-1.20.1-20230612.114412-srg.jar%23261!/:?]
	at net.minecraft.server.dedicated.ServerWatchdog.run(ServerWatchdog.java:54) ~[server-1.20.1-20230612.114412-srg.jar%23261!/:?]
	at java.lang.Thread.run(Thread.java:840) ~[?:?]
Caused by: java.lang.ExceptionInInitializerError: Exception java.lang.NoClassDefFoundError: com/sun/jna/Platform [in thread "main"]
	at oshi.SystemInfo.<clinit>(SystemInfo.java:60) ~[oshi-core-6.2.2.jar%2369!/:6.2.2]
	at net.minecraft.SystemReport.m_143564_(SystemReport.java:52) ~[server-1.20.1-20230612.114412-srg.jar%23261!/:?]
	at net.minecraft.SystemReport.m_143516_(SystemReport.java:82) ~[server-1.20.1-20230612.114412-srg.jar%23261!/:?]
	at net.minecraft.SystemReport.<init>(SystemReport.java:52) ~[server-1.20.1-20230612.114412-srg.jar%23261!/:?]
	at net.minecraft.CrashReport.<init>(CrashReport.java:31) ~[server-1.20.1-20230612.114412-srg.jar%23261!/:?]
	at net.minecraft.CrashReport.m_127529_(CrashReport.java:216) ~[server-1.20.1-20230612.114412-srg.jar%23261!/:?]
	at net.minecraft.server.Main.main(Main.java:116) ~[server-1.20.1-20230612.114412-srg.jar%23261!/:?]
	at jdk.internal.reflect.NativeMethodAccessorImpl.invoke0(Native Method) ~[?:?]
	at jdk.internal.reflect.NativeMethodAccessorImpl.invoke(NativeMethodAccessorImpl.java:77) ~[?:?]
	at jdk.internal.reflect.DelegatingMethodAccessorImpl.invoke(DelegatingMethodAccessorImpl.java:43) ~[?:?]
	at java.lang.reflect.Method.invoke(Method.java:569) ~[?:?]
	at net.minecraftforge.fml.loading.targets.CommonLaunchHandler.runTarget(CommonLaunchHandler.java:111) ~[fmlloader-1.20.1-47.3.7.jar%2367!/:?]
	at net.minecraftforge.fml.loading.targets.CommonLaunchHandler.serverService(CommonLaunchHandler.java:103) ~[fmlloader-1.20.1-47.3.7.jar%2367!/:?]
	at net.minecraftforge.fml.loading.targets.CommonServerLaunchHandler.lambda$makeService$0(CommonServerLaunchHandler.java:27) ~[fmlloader-1.20.1-47.3.7.jar%2367!/:?]
	at cpw.mods.modlauncher.LaunchServiceHandlerDecorator.launch(LaunchServiceHandlerDecorator.java:30) ~[modlauncher-10.0.9.jar%2353!/:?]
	at cpw.mods.modlauncher.LaunchServiceHandler.launch(LaunchServiceHandler.java:53) ~[modlauncher-10.0.9.jar%2353!/:?]
	at cpw.mods.modlauncher.LaunchServiceHandler.launch(LaunchServiceHandler.java:71) ~[modlauncher-10.0.9.jar%2353!/:?]
	at cpw.mods.modlauncher.Launcher.run(Launcher.java:108) ~[modlauncher-10.0.9.jar%2353!/:?]
	at cpw.mods.modlauncher.Launcher.main(Launcher.java:78) ~[modlauncher-10.0.9.jar%2353!/:?]
	at cpw.mods.modlauncher.BootstrapLaunchConsumer.accept(BootstrapLaunchConsumer.java:26) ~[modlauncher-10.0.9.jar%2353!/:?]
	at cpw.mods.modlauncher.BootstrapLaunchConsumer.accept(BootstrapLaunchConsumer.java:23) ~[modlauncher-10.0.9.jar%2353!/:?]
	at cpw.mods.bootstraplauncher.BootstrapLauncher.main(BootstrapLauncher.java:141) ~[bootstraplauncher-1.1.2.jar:?]
[12Nov2025 01:11:06.255] [Server thread/INFO] [net.minecraft.server.MinecraftServer/]: Javivix07 left the game
[12Nov2025 01:11:06.261] [Server thread/INFO] [voicechat/]: [voicechat] Disconnecting client Javivix07
[12Nov2025 01:11:06.376] [Server thread/WARN] [net.minecraft.server.MinecraftServer/]: Can't keep up! Is the server overloaded? Running 123834ms or 2476 ticks behind
[12Nov2025 01:11:06.447] [Server Watchdog/FATAL] [net.minecraftforge.common.ForgeMod/]: Preparing crash report with UUID 678bd7ea-0de9-4328-bed0-efc6fb906131
[12Nov2025 01:11:06.500] [Server Watchdog/FATAL] [net.minecraftforge.common.ForgeMod/]: Preparing crash report with UUID a09c6a01-dba9-4e34-b0de-c7f31323cbc7
[12Nov2025 01:11:06.502] [Server Watchdog/ERROR] [net.minecraft.server.dedicated.ServerWatchdog/]: This crash report has been saved to: /workspaces/server-magico-2/servidor_minecraft/./crash-reports/crash-2025-11-12_01.11.06-server.txt
[12Nov2025 01:11:06.567] [Server thread/INFO] [net.minecraft.server.MinecraftServer/]: Stopping server
[12Nov2025 01:11:06.586] [Server thread/INFO] [net.minecraft.server.MinecraftServer/]: Saving players
[12Nov2025 01:11:06.589] [Server thread/INFO] [net.minecraft.server.MinecraftServer/]: Saving worlds
[12Nov2025 01:11:07.353] [Server thread/INFO] [net.minecraft.server.MinecraftServer/]: Saving chunks for level 'ServerLevel[world]'/minecraft:overworld
[12Nov2025 01:11:10.452] [Server thread/INFO] [net.minecraft.server.MinecraftServer/]: Saving chunks for level 'ServerLevel[world]'/graveyard:past
[12Nov2025 01:11:10.466] [Server thread/INFO] [net.minecraft.server.MinecraftServer/]: Saving chunks for level 'ServerLevel[world]'/minecraft:the_end
[12Nov2025 01:11:10.468] [Server thread/INFO] [net.minecraft.server.MinecraftServer/]: Saving chunks for level 'ServerLevel[world]'/minecraft:the_nether
[12Nov2025 01:11:10.738] [Server thread/INFO] [net.minecraft.server.MinecraftServer/]: ThreadedAnvilChunkStorage (world): All chunks are saved
[12Nov2025 01:11:10.739] [Server thread/INFO] [net.minecraft.server.MinecraftServer/]: ThreadedAnvilChunkStorage (past): All chunks are saved
[12Nov2025 01:11:10.740] [Server thread/INFO] [net.minecraft.server.MinecraftServer/]: ThreadedAnvilChunkStorage (DIM1): All chunks are saved
[12Nov2025 01:11:10.740] [Server thread/INFO] [net.minecraft.server.MinecraftServer/]: ThreadedAnvilChunkStorage (DIM-1): All chunks are saved
[12Nov2025 01:11:10.741] [Server thread/INFO] [net.minecraft.server.MinecraftServer/]: ThreadedAnvilChunkStorage: All dimensions are saved
[12Nov2025 01:11:10.839] [Server thread/INFO] [Framework/]: Unloading server configs...
[12Nov2025 01:11:10.841] [Server thread/INFO] [Framework/]: Sending config unload event for goblintraders-entities.toml
[12Nov2025 01:11:10.861] [Server thread/INFO] [journeymap/]: Loading JourneyMap Forge Configs
